{
  message: '🛢   Database is connected successfully',
  level: 'info',
  label: 'Info Logger ',
  timestamp: '2023-06-14T04:12:54.596Z'
}
{
  message: 'Application  listening on port 5000',
  level: 'info',
  label: 'Info Logger ',
  timestamp: '2023-06-14T04:12:54.605Z'
}
{
  message: '🛢   Database is connected successfully',
  level: 'info',
  label: 'Info Logger ',
  timestamp: '2023-06-14T04:15:47.487Z'
}
{
  message: 'Application  listening on port 5000',
  level: 'info',
  label: 'Info Logger ',
  timestamp: '2023-06-14T04:15:47.496Z'
}
{
  message: '🛢   Database is connected successfully',
  level: 'info',
  label: 'Info Logger ',
  timestamp: '2023-06-14T04:16:02.283Z'
}
{
  message: 'Application  listening on port 5000',
  level: 'info',
  label: 'Info Logger ',
  timestamp: '2023-06-14T04:16:02.292Z'
}
{
  message: '🛢   Database is connected successfully',
  level: 'info',
  label: 'Info Logger ',
  timestamp: '2023-06-14T04:17:49.552Z'
}
{
  message: 'Application  listening on port 5000',
  level: 'info',
  label: 'Info Logger ',
  timestamp: '2023-06-14T04:17:49.561Z'
}
{
  message: '🛢   Database is connected successfully',
  level: 'info',
  label: 'Info Logger ',
  timestamp: '2023-06-14T04:19:13.458Z'
}
{
  message: 'Application  listening on port 5000',
  level: 'info',
  label: 'Info Logger ',
  timestamp: '2023-06-14T04:19:13.469Z'
}
{
  message: '🛢   Database is connected successfully',
  level: 'info',
  label: 'Info Logger ',
  timestamp: '2023-06-14T04:21:14.341Z'
}
{
  message: 'Application  listening on port 5000',
  level: 'info',
  label: 'Info Logger ',
  timestamp: '2023-06-14T04:21:14.351Z'
}
{
  message: '🛢   Database is connected successfully',
  level: 'info',
  label: 'Info Logger ',
  timestamp: '2023-06-14T04:21:54.061Z'
}
{
  message: 'Application  listening on port 5000',
  level: 'info',
  label: 'Info Logger ',
  timestamp: '2023-06-14T04:21:54.070Z'
}
{
  message: '🛢   Database is connected successfully',
  level: 'info',
  label: 'Info Logger ',
  timestamp: '2023-06-14T04:22:45.771Z'
}
{
  message: 'Application  listening on port 5000',
  level: 'info',
  label: 'Info Logger ',
  timestamp: '2023-06-14T04:22:45.788Z'
}
{
  message: '🛢   Database is connected successfully',
  level: 'info',
  label: 'Info Logger ',
  timestamp: '2023-06-14T04:23:25.394Z'
}
{
  message: 'Application  listening on port 5000',
  level: 'info',
  label: 'Info Logger ',
  timestamp: '2023-06-14T04:23:25.405Z'
}
{
  message: '🛢   Database is connected successfully',
  level: 'info',
  label: 'Info Logger ',
  timestamp: '2023-06-14T04:23:33.694Z'
}
{
  message: 'Application  listening on port 5000',
  level: 'info',
  label: 'Info Logger ',
  timestamp: '2023-06-14T04:23:33.704Z'
}
{
  message: '🛢   Database is connected successfully',
  level: 'info',
  label: 'Info Logger ',
  timestamp: '2023-06-14T04:24:10.468Z'
}
{
  message: 'Application  listening on port 5000',
  level: 'info',
  label: 'Info Logger ',
  timestamp: '2023-06-14T04:24:10.478Z'
}
{
  message: '🛢   Database is connected successfully',
  level: 'info',
  label: 'Info Logger ',
  timestamp: '2023-06-14T04:24:53.957Z'
}
{
  message: 'Application  listening on port 5000',
  level: 'info',
  label: 'Info Logger ',
  timestamp: '2023-06-14T04:24:53.965Z'
}
{
  message: '🛢   Database is connected successfully',
  level: 'info',
  label: 'Info Logger ',
  timestamp: '2023-06-14T04:25:12.891Z'
}
{
  message: 'Application  listening on port 5000',
  level: 'info',
  label: 'Info Logger ',
  timestamp: '2023-06-14T04:25:12.900Z'
}
{
  message: '🛢   Database is connected successfully',
  level: 'info',
  label: 'Info Logger ',
  timestamp: '2023-06-14T04:25:21.575Z'
}
{
  message: 'Application  listening on port 5000',
  level: 'info',
  label: 'Info Logger ',
  timestamp: '2023-06-14T04:25:21.589Z'
}
{
  message: '🛢   Database is connected successfully',
  level: 'info',
  label: 'Info Logger ',
  timestamp: '2023-06-14T04:25:30.702Z'
}
{
  message: 'Application  listening on port 5000',
  level: 'info',
  label: 'Info Logger ',
  timestamp: '2023-06-14T04:25:30.714Z'
}
{
  message: '🛢   Database is connected successfully',
  level: 'info',
  label: 'Info Logger ',
  timestamp: '2023-06-14T04:25:58.465Z'
}
{
  message: 'Application  listening on port 5000',
  level: 'info',
  label: 'Info Logger ',
  timestamp: '2023-06-14T04:25:58.476Z'
}
{
  message: '🛢   Database is connected successfully',
  level: 'info',
  label: 'Info Logger ',
  timestamp: '2023-06-14T04:27:13.185Z'
}
{
  message: 'Application  listening on port 5000',
  level: 'info',
  label: 'Info Logger ',
  timestamp: '2023-06-14T04:27:13.198Z'
}
{
  message: '🛢   Database is connected successfully',
  level: 'info',
  label: 'Info Logger ',
  timestamp: '2023-06-14T04:28:22.755Z'
}
{
  message: 'Application  listening on port 5000',
  level: 'info',
  label: 'Info Logger ',
  timestamp: '2023-06-14T04:28:22.766Z'
}
{
  message: '🛢   Database is connected successfully',
  level: 'info',
  label: 'Info Logger ',
  timestamp: '2023-06-14T04:29:05.761Z'
}
{
  message: 'Application  listening on port 5000',
  level: 'info',
  label: 'Info Logger ',
  timestamp: '2023-06-14T04:29:05.773Z'
}
{
  message: '🛢   Database is connected successfully',
  level: 'info',
  label: 'Info Logger ',
  timestamp: '2023-06-14T04:29:41.676Z'
}
{
  message: 'Application  listening on port 5000',
  level: 'info',
  label: 'Info Logger ',
  timestamp: '2023-06-14T04:29:41.685Z'
}
{
  message: '🛢   Database is connected successfully',
  level: 'info',
  label: 'Info Logger ',
  timestamp: '2023-06-14T04:29:55.943Z'
}
{
  message: 'Application  listening on port 5000',
  level: 'info',
  label: 'Info Logger ',
  timestamp: '2023-06-14T04:29:55.955Z'
}
{
  message: '🛢   Database is connected successfully',
  level: 'info',
  label: 'Info Logger ',
  timestamp: '2023-06-14T04:31:19.087Z'
}
{
  message: 'Application  listening on port 5000',
  level: 'info',
  label: 'Info Logger ',
  timestamp: '2023-06-14T04:31:19.098Z'
}
{
  message: '🛢   Database is connected successfully',
  level: 'info',
  label: 'Info Logger ',
  timestamp: '2023-06-14T04:31:52.540Z'
}
{
  message: 'Application  listening on port 5000',
  level: 'info',
  label: 'Info Logger ',
  timestamp: '2023-06-14T04:31:52.551Z'
}
{
  message: '🛢   Database is connected successfully',
  level: 'info',
  label: 'Info Logger ',
  timestamp: '2023-06-14T04:33:10.454Z'
}
{
  message: 'Application  listening on port 5000',
  level: 'info',
  label: 'Info Logger ',
  timestamp: '2023-06-14T04:33:10.464Z'
}
{
  message: '🛢   Database is connected successfully',
  level: 'info',
  label: 'Info Logger ',
  timestamp: '2023-06-14T04:35:12.322Z'
}
{
  message: 'Application  listening on port 5000',
  level: 'info',
  label: 'Info Logger ',
  timestamp: '2023-06-14T04:35:12.333Z'
}
{
  message: '🛢   Database is connected successfully',
  level: 'info',
  label: 'Info Logger ',
  timestamp: '2023-06-14T04:37:06.203Z'
}
{
  message: 'Application  listening on port 5000',
  level: 'info',
  label: 'Info Logger ',
  timestamp: '2023-06-14T04:37:06.213Z'
}
{
  message: '🛢   Database is connected successfully',
  level: 'info',
  label: 'Info Logger ',
  timestamp: '2023-06-14T04:37:13.871Z'
}
{
  message: 'Application  listening on port 5000',
  level: 'info',
  label: 'Info Logger ',
  timestamp: '2023-06-14T04:37:13.882Z'
}
{
  message: '🛢   Database is connected successfully',
  level: 'info',
  label: 'Info Logger ',
  timestamp: '2023-06-14T04:38:25.712Z'
}
{
  message: 'Application  listening on port 5000',
  level: 'info',
  label: 'Info Logger ',
  timestamp: '2023-06-14T04:38:25.723Z'
}
{
  message: '🛢   Database is connected successfully',
  level: 'info',
  label: 'Info Logger ',
  timestamp: '2023-06-14T04:41:26.421Z'
}
{
  message: 'Application  listening on port 5000',
  level: 'info',
  label: 'Info Logger ',
  timestamp: '2023-06-14T04:41:26.433Z'
}
{
  message: '🛢   Database is connected successfully',
  level: 'info',
  label: 'Info Logger ',
  timestamp: '2023-06-14T04:42:10.550Z'
}
{
  message: 'Application  listening on port 5000',
  level: 'info',
  label: 'Info Logger ',
  timestamp: '2023-06-14T04:42:10.561Z'
}
{
  message: '🛢   Database is connected successfully',
  level: 'info',
  label: 'Info Logger ',
  timestamp: '2023-06-14T04:44:12.927Z'
}
{
  message: 'Application  listening on port 5000',
  level: 'info',
  label: 'Info Logger ',
  timestamp: '2023-06-14T04:44:12.936Z'
}
{
  message: '🛢   Database is connected successfully',
  level: 'info',
  label: 'Info Logger ',
  timestamp: '2023-06-14T04:44:49.039Z'
}
{
  message: 'Application  listening on port 5000',
  level: 'info',
  label: 'Info Logger ',
  timestamp: '2023-06-14T04:44:49.050Z'
}
{
  message: '🛢   Database is connected successfully',
  level: 'info',
  label: 'Info Logger ',
  timestamp: '2023-06-14T04:45:13.146Z'
}
{
  message: 'Application  listening on port 5000',
  level: 'info',
  label: 'Info Logger ',
  timestamp: '2023-06-14T04:45:13.158Z'
}
{
  message: '🛢   Database is connected successfully',
  level: 'info',
  label: 'Info Logger ',
  timestamp: '2023-06-14T04:45:19.817Z'
}
{
  message: 'Application  listening on port 5000',
  level: 'info',
  label: 'Info Logger ',
  timestamp: '2023-06-14T04:45:19.827Z'
}
{
  message: '🛢   Database is connected successfully',
  level: 'info',
  label: 'Info Logger ',
  timestamp: '2023-06-14T04:45:31.370Z'
}
{
  message: 'Application  listening on port 5000',
  level: 'info',
  label: 'Info Logger ',
  timestamp: '2023-06-14T04:45:31.381Z'
}
{
  message: '🛢   Database is connected successfully',
  level: 'info',
  label: 'Info Logger ',
  timestamp: '2023-06-14T04:45:46.658Z'
}
{
  message: 'Application  listening on port 5000',
  level: 'info',
  label: 'Info Logger ',
  timestamp: '2023-06-14T04:45:46.669Z'
}
{
  message: '🛢   Database is connected successfully',
  level: 'info',
  label: 'Info Logger ',
  timestamp: '2023-06-14T04:46:02.524Z'
}
{
  message: 'Application  listening on port 5000',
  level: 'info',
  label: 'Info Logger ',
  timestamp: '2023-06-14T04:46:02.535Z'
}
{
  message: '🛢   Database is connected successfully',
  level: 'info',
  label: 'Info Logger ',
  timestamp: '2023-06-14T04:46:08.027Z'
}
{
  message: 'Application  listening on port 5000',
  level: 'info',
  label: 'Info Logger ',
  timestamp: '2023-06-14T04:46:08.037Z'
}
{
  message: '🛢   Database is connected successfully',
  level: 'info',
  label: 'Info Logger ',
  timestamp: '2023-06-14T04:46:28.647Z'
}
{
  message: 'Application  listening on port 5000',
  level: 'info',
  label: 'Info Logger ',
  timestamp: '2023-06-14T04:46:28.656Z'
}
{
  message: '🛢   Database is connected successfully',
  level: 'info',
  label: 'Info Logger ',
  timestamp: '2023-06-14T04:46:39.943Z'
}
{
  message: 'Application  listening on port 5000',
  level: 'info',
  label: 'Info Logger ',
  timestamp: '2023-06-14T04:46:39.952Z'
}
{
  message: '🛢   Database is connected successfully',
  level: 'info',
  label: 'Info Logger ',
  timestamp: '2023-06-14T04:46:52.556Z'
}
{
  message: 'Application  listening on port 5000',
  level: 'info',
  label: 'Info Logger ',
  timestamp: '2023-06-14T04:46:52.570Z'
}
{
  message: '🛢   Database is connected successfully',
  level: 'info',
  label: 'Info Logger ',
  timestamp: '2023-06-14T04:46:59.292Z'
}
{
  message: 'Application  listening on port 5000',
  level: 'info',
  label: 'Info Logger ',
  timestamp: '2023-06-14T04:46:59.304Z'
}
