{
  message: '🛢   Database is connected successfully',
  level: 'info',
  label: 'Info Logger ',
  timestamp: '2023-06-13T17:55:03.120Z'
}
{
  message: 'Application  listening on port 5000',
  level: 'info',
  label: 'Info Logger ',
  timestamp: '2023-06-13T17:55:03.131Z'
}
{
  message: '🛢   Database is connected successfully',
  level: 'info',
  label: 'Info Logger ',
  timestamp: '2023-06-13T17:57:38.780Z'
}
{
  message: 'Application  listening on port 5000',
  level: 'info',
  label: 'Info Logger ',
  timestamp: '2023-06-13T17:57:38.791Z'
}
