2023-06-13T16:48:05.616Z [Info Logger ] info: 🛢   Database is connected successfully
2023-06-13T16:48:05.624Z [Info Logger ] info: Application  listening on port 5000
2023-06-13T16:48:26.751Z [Info Logger ] info: 🛢   Database is connected successfully
2023-06-13T16:48:26.757Z [Info Logger ] info: Application  listening on port 5000
[Info Logger ] info: 🛢   Database is connected successfully : 2023-06-13T16:48:48.811Z 
[Info Logger ] info: Application  listening on port 5000 : 2023-06-13T16:48:48.818Z 
[Info Logger ] info: 🛢   Database is connected successfully : 2023-06-13T16:50:00.488Z 
[Info Logger ] info: Application  listening on port 5000 : 2023-06-13T16:50:00.494Z 
{
  message: '🛢   Database is connected successfully',
  level: 'info',
  label: 'Info Logger ',
  timestamp: '2023-06-13T16:50:15.531Z'
}
{
  message: 'Application  listening on port 5000',
  level: 'info',
  label: 'Info Logger ',
  timestamp: '2023-06-13T16:50:15.542Z'
}
{
  message: '🛢   Database is connected successfully',
  level: 'info',
  label: 'Info Logger ',
  timestamp: '2023-06-13T16:50:29.262Z'
}
{
  message: 'Application  listening on port 5000',
  level: 'info',
  label: 'Info Logger ',
  timestamp: '2023-06-13T16:50:29.271Z'
}
